<?xml version="1.0" encoding="UTF-8"?>
<!-- Generated by org.testng.reporters.JUnitReportReporter -->
<testsuite hostname="Lenovo" failures="0" tests="2" name="org.test1.TaskDay1" time="95.600" errors="0" timestamp="08 Jun 2022 14:17:59 GMT" skipped="0">
  <testcase classname="org.test1.TaskDay1" name="mobileName" time="43.000"/>
  <testcase classname="org.test1.TaskDay1" name="mobilePrice" time="52.600"/>
</testsuite> <!-- org.test1.TaskDay1 -->
