<?xml version="1.0" encoding="UTF-8"?>
<!-- Generated by org.testng.reporters.JUnitReportReporter -->
<testsuite hostname="Lenovo" failures="0" tests="1" name="org.test1.Task3" time="132.172" errors="0" timestamp="22 Jun 2022 14:39:58 GMT" skipped="0">
  <testcase classname="org.test1.Task3" name="Search" time="132.172"/>
</testsuite> <!-- org.test1.Task3 -->
